<?xml version="1.0" encoding="UTF-8"?>
<!-- Generated by org.testng.reporters.JUnitReportReporter -->
<testsuite ignored="0" hostname="Balajis-MacBook-Pro.local" failures="0" tests="4" name="runners.GooglePageRunner" time="30.531" errors="0" timestamp="23 Jun 2021 11:59:14 GMT" skipped="0">
  <testcase classname="runners.GooglePageRunner" name="runScenario" time="7.655"/>
  <testcase classname="runners.GooglePageRunner" name="runScenario" time="7.800"/>
  <testcase classname="runners.GooglePageRunner" name="runScenario" time="7.105"/>
  <testcase classname="runners.GooglePageRunner" name="runScenario" time="7.971"/>
</testsuite> <!-- runners.GooglePageRunner -->
