<?xml version="1.0" encoding="UTF-8"?>
<!-- Generated by org.testng.reporters.JUnitReportReporter -->
<testsuite ignored="0" hostname="Balajis-MacBook-Pro.local" failures="0" tests="8" name="runners.TaggedRunner" time="0.165" errors="0" timestamp="24 Jun 2021 10:59:01 GMT" skipped="0">
  <testcase classname="runners.TaggedRunner" name="runScenario" time="0.008"/>
  <testcase classname="runners.TaggedRunner" name="runScenario" time="0.014"/>
  <testcase classname="runners.TaggedRunner" name="runScenario" time="0.006"/>
  <testcase classname="runners.TaggedRunner" name="runScenario" time="0.105"/>
  <testcase classname="runners.TaggedRunner" name="runScenario" time="0.007"/>
  <testcase classname="runners.TaggedRunner" name="runScenario" time="0.007"/>
  <testcase classname="runners.TaggedRunner" name="runScenario" time="0.011"/>
  <testcase classname="runners.TaggedRunner" name="runScenario" time="0.007"/>
</testsuite> <!-- runners.TaggedRunner -->
